[16-Dec-2024 13:30:59 UTC] Required data manager class not found: Athlete_Dashboard_Membership_Data_Manager
[16-Dec-2024 13:31:00 UTC] Required data manager class not found: Athlete_Dashboard_Membership_Data_Manager
[16-Dec-2024 13:31:02 UTC] Required data manager class not found: Athlete_Dashboard_Membership_Data_Manager
[16-Dec-2024 13:31:04 UTC] Required data manager class not found: Athlete_Dashboard_Membership_Data_Manager
[16-Dec-2024 13:31:04 UTC] Required data manager class not found: Athlete_Dashboard_Membership_Data_Manager
[16-Dec-2024 13:31:05 UTC] Required data manager class not found: Athlete_Dashboard_Membership_Data_Manager
[16-Dec-2024 13:31:05 UTC] Required data manager class not found: Athlete_Dashboard_Membership_Data_Manager
[16-Dec-2024 13:31:07 UTC] Required data manager class not found: Athlete_Dashboard_Membership_Data_Manager
[16-Dec-2024 13:31:07 UTC] Required data manager class not found: Athlete_Dashboard_Membership_Data_Manager
[16-Dec-2024 13:31:08 UTC] Required data manager class not found: Athlete_Dashboard_Membership_Data_Manager
[16-Dec-2024 13:31:09 UTC] PHP Deprecated:  ltrim(): Passing null to parameter #1 ($string) of type string is deprecated in /Users/justinfassio/Local Sites/aiworkoutgenerator-local/app/public/wp-includes/formatting.php on line 4482
[16-Dec-2024 13:31:09 UTC] PHP Deprecated:  ltrim(): Passing null to parameter #1 ($string) of type string is deprecated in /Users/justinfassio/Local Sites/aiworkoutgenerator-local/app/public/wp-includes/formatting.php on line 4482
[16-Dec-2024 13:31:09 UTC] PHP Deprecated:  ltrim(): Passing null to parameter #1 ($string) of type string is deprecated in /Users/justinfassio/Local Sites/aiworkoutgenerator-local/app/public/wp-includes/formatting.php on line 4482
[16-Dec-2024 13:31:09 UTC] PHP Deprecated:  ltrim(): Passing null to parameter #1 ($string) of type string is deprecated in /Users/justinfassio/Local Sites/aiworkoutgenerator-local/app/public/wp-includes/formatting.php on line 4482
[16-Dec-2024 13:31:09 UTC] PHP Deprecated:  ltrim(): Passing null to parameter #1 ($string) of type string is deprecated in /Users/justinfassio/Local Sites/aiworkoutgenerator-local/app/public/wp-includes/formatting.php on line 4482
[16-Dec-2024 13:31:09 UTC] PHP Deprecated:  ltrim(): Passing null to parameter #1 ($string) of type string is deprecated in /Users/justinfassio/Local Sites/aiworkoutgenerator-local/app/public/wp-includes/formatting.php on line 4482
[16-Dec-2024 13:31:09 UTC] PHP Deprecated:  ltrim(): Passing null to parameter #1 ($string) of type string is deprecated in /Users/justinfassio/Local Sites/aiworkoutgenerator-local/app/public/wp-includes/formatting.php on line 4482
[16-Dec-2024 13:31:09 UTC] PHP Deprecated:  ltrim(): Passing null to parameter #1 ($string) of type string is deprecated in /Users/justinfassio/Local Sites/aiworkoutgenerator-local/app/public/wp-includes/formatting.php on line 4482
[16-Dec-2024 13:31:09 UTC] PHP Deprecated:  ltrim(): Passing null to parameter #1 ($string) of type string is deprecated in /Users/justinfassio/Local Sites/aiworkoutgenerator-local/app/public/wp-includes/formatting.php on line 4482
[16-Dec-2024 13:31:09 UTC] PHP Deprecated:  ltrim(): Passing null to parameter #1 ($string) of type string is deprecated in /Users/justinfassio/Local Sites/aiworkoutgenerator-local/app/public/wp-includes/formatting.php on line 4482
[16-Dec-2024 13:31:09 UTC] PHP Deprecated:  ltrim(): Passing null to parameter #1 ($string) of type string is deprecated in /Users/justinfassio/Local Sites/aiworkoutgenerator-local/app/public/wp-includes/formatting.php on line 4482
[16-Dec-2024 13:31:09 UTC] PHP Deprecated:  ltrim(): Passing null to parameter #1 ($string) of type string is deprecated in /Users/justinfassio/Local Sites/aiworkoutgenerator-local/app/public/wp-includes/formatting.php on line 4482
[16-Dec-2024 13:31:09 UTC] PHP Deprecated:  ltrim(): Passing null to parameter #1 ($string) of type string is deprecated in /Users/justinfassio/Local Sites/aiworkoutgenerator-local/app/public/wp-includes/formatting.php on line 4482
[16-Dec-2024 13:31:09 UTC] PHP Deprecated:  ltrim(): Passing null to parameter #1 ($string) of type string is deprecated in /Users/justinfassio/Local Sites/aiworkoutgenerator-local/app/public/wp-includes/formatting.php on line 4482
[16-Dec-2024 13:31:09 UTC] PHP Deprecated:  ltrim(): Passing null to parameter #1 ($string) of type string is deprecated in /Users/justinfassio/Local Sites/aiworkoutgenerator-local/app/public/wp-includes/formatting.php on line 4482
[16-Dec-2024 13:31:09 UTC] PHP Deprecated:  ltrim(): Passing null to parameter #1 ($string) of type string is deprecated in /Users/justinfassio/Local Sites/aiworkoutgenerator-local/app/public/wp-includes/formatting.php on line 4482
[16-Dec-2024 13:31:09 UTC] PHP Deprecated:  ltrim(): Passing null to parameter #1 ($string) of type string is deprecated in /Users/justinfassio/Local Sites/aiworkoutgenerator-local/app/public/wp-includes/formatting.php on line 4482
[16-Dec-2024 13:31:09 UTC] PHP Deprecated:  ltrim(): Passing null to parameter #1 ($string) of type string is deprecated in /Users/justinfassio/Local Sites/aiworkoutgenerator-local/app/public/wp-includes/formatting.php on line 4482
[16-Dec-2024 13:31:09 UTC] Required data manager class not found: Athlete_Dashboard_Membership_Data_Manager
[16-Dec-2024 13:31:09 UTC] Required data manager class not found: Athlete_Dashboard_Membership_Data_Manager
[16-Dec-2024 13:31:11 UTC] Required data manager class not found: Athlete_Dashboard_Membership_Data_Manager
[16-Dec-2024 13:31:11 UTC] Required data manager class not found: Athlete_Dashboard_Membership_Data_Manager
[16-Dec-2024 13:31:12 UTC] Required data manager class not found: Athlete_Dashboard_Membership_Data_Manager
[16-Dec-2024 13:31:12 UTC] Required data manager class not found: Athlete_Dashboard_Membership_Data_Manager
[16-Dec-2024 13:31:13 UTC] Required data manager class not found: Athlete_Dashboard_Membership_Data_Manager
[16-Dec-2024 13:31:13 UTC] Required data manager class not found: Athlete_Dashboard_Membership_Data_Manager
[16-Dec-2024 13:31:14 UTC] Required data manager class not found: Athlete_Dashboard_Membership_Data_Manager
[16-Dec-2024 13:31:14 UTC] Required data manager class not found: Athlete_Dashboard_Membership_Data_Manager
[16-Dec-2024 13:31:15 UTC] Required data manager class not found: Athlete_Dashboard_Membership_Data_Manager
[16-Dec-2024 13:31:15 UTC] Required data manager class not found: Athlete_Dashboard_Membership_Data_Manager
[16-Dec-2024 13:31:33 UTC] Required data manager class not found: Athlete_Dashboard_Membership_Data_Manager
[16-Dec-2024 13:31:35 UTC] PHP Deprecated:  ltrim(): Passing null to parameter #1 ($string) of type string is deprecated in /Users/justinfassio/Local Sites/aiworkoutgenerator-local/app/public/wp-includes/formatting.php on line 4482
[16-Dec-2024 13:31:35 UTC] PHP Deprecated:  ltrim(): Passing null to parameter #1 ($string) of type string is deprecated in /Users/justinfassio/Local Sites/aiworkoutgenerator-local/app/public/wp-includes/formatting.php on line 4482
[16-Dec-2024 13:31:35 UTC] PHP Deprecated:  ltrim(): Passing null to parameter #1 ($string) of type string is deprecated in /Users/justinfassio/Local Sites/aiworkoutgenerator-local/app/public/wp-includes/formatting.php on line 4482
[16-Dec-2024 13:31:35 UTC] PHP Deprecated:  ltrim(): Passing null to parameter #1 ($string) of type string is deprecated in /Users/justinfassio/Local Sites/aiworkoutgenerator-local/app/public/wp-includes/formatting.php on line 4482
[16-Dec-2024 13:31:35 UTC] PHP Deprecated:  ltrim(): Passing null to parameter #1 ($string) of type string is deprecated in /Users/justinfassio/Local Sites/aiworkoutgenerator-local/app/public/wp-includes/formatting.php on line 4482
[16-Dec-2024 13:31:35 UTC] PHP Deprecated:  ltrim(): Passing null to parameter #1 ($string) of type string is deprecated in /Users/justinfassio/Local Sites/aiworkoutgenerator-local/app/public/wp-includes/formatting.php on line 4482
[16-Dec-2024 13:31:35 UTC] PHP Deprecated:  ltrim(): Passing null to parameter #1 ($string) of type string is deprecated in /Users/justinfassio/Local Sites/aiworkoutgenerator-local/app/public/wp-includes/formatting.php on line 4482
[16-Dec-2024 13:31:35 UTC] PHP Deprecated:  ltrim(): Passing null to parameter #1 ($string) of type string is deprecated in /Users/justinfassio/Local Sites/aiworkoutgenerator-local/app/public/wp-includes/formatting.php on line 4482
[16-Dec-2024 13:31:35 UTC] PHP Deprecated:  ltrim(): Passing null to parameter #1 ($string) of type string is deprecated in /Users/justinfassio/Local Sites/aiworkoutgenerator-local/app/public/wp-includes/formatting.php on line 4482
[16-Dec-2024 13:31:35 UTC] PHP Deprecated:  ltrim(): Passing null to parameter #1 ($string) of type string is deprecated in /Users/justinfassio/Local Sites/aiworkoutgenerator-local/app/public/wp-includes/formatting.php on line 4482
[16-Dec-2024 13:31:35 UTC] PHP Deprecated:  ltrim(): Passing null to parameter #1 ($string) of type string is deprecated in /Users/justinfassio/Local Sites/aiworkoutgenerator-local/app/public/wp-includes/formatting.php on line 4482
[16-Dec-2024 13:31:35 UTC] PHP Deprecated:  ltrim(): Passing null to parameter #1 ($string) of type string is deprecated in /Users/justinfassio/Local Sites/aiworkoutgenerator-local/app/public/wp-includes/formatting.php on line 4482
[16-Dec-2024 13:31:35 UTC] PHP Deprecated:  ltrim(): Passing null to parameter #1 ($string) of type string is deprecated in /Users/justinfassio/Local Sites/aiworkoutgenerator-local/app/public/wp-includes/formatting.php on line 4482
[16-Dec-2024 13:31:35 UTC] PHP Deprecated:  ltrim(): Passing null to parameter #1 ($string) of type string is deprecated in /Users/justinfassio/Local Sites/aiworkoutgenerator-local/app/public/wp-includes/formatting.php on line 4482
[16-Dec-2024 13:31:35 UTC] PHP Deprecated:  ltrim(): Passing null to parameter #1 ($string) of type string is deprecated in /Users/justinfassio/Local Sites/aiworkoutgenerator-local/app/public/wp-includes/formatting.php on line 4482
[16-Dec-2024 13:31:35 UTC] PHP Deprecated:  ltrim(): Passing null to parameter #1 ($string) of type string is deprecated in /Users/justinfassio/Local Sites/aiworkoutgenerator-local/app/public/wp-includes/formatting.php on line 4482
[16-Dec-2024 13:31:35 UTC] PHP Deprecated:  ltrim(): Passing null to parameter #1 ($string) of type string is deprecated in /Users/justinfassio/Local Sites/aiworkoutgenerator-local/app/public/wp-includes/formatting.php on line 4482
[16-Dec-2024 13:31:35 UTC] PHP Deprecated:  ltrim(): Passing null to parameter #1 ($string) of type string is deprecated in /Users/justinfassio/Local Sites/aiworkoutgenerator-local/app/public/wp-includes/formatting.php on line 4482
[16-Dec-2024 13:31:35 UTC] Required data manager class not found: Athlete_Dashboard_Membership_Data_Manager
[16-Dec-2024 13:31:35 UTC] Required data manager class not found: Athlete_Dashboard_Membership_Data_Manager
[16-Dec-2024 13:31:36 UTC] Required data manager class not found: Athlete_Dashboard_Membership_Data_Manager
[16-Dec-2024 13:31:36 UTC] Required data manager class not found: Athlete_Dashboard_Membership_Data_Manager
[16-Dec-2024 13:31:37 UTC] Required data manager class not found: Athlete_Dashboard_Membership_Data_Manager
[16-Dec-2024 13:31:37 UTC] Required data manager class not found: Athlete_Dashboard_Membership_Data_Manager
[16-Dec-2024 13:31:38 UTC] Required data manager class not found: Athlete_Dashboard_Membership_Data_Manager
[16-Dec-2024 13:31:38 UTC] Required data manager class not found: Athlete_Dashboard_Membership_Data_Manager
[16-Dec-2024 13:31:39 UTC] Required data manager class not found: Athlete_Dashboard_Membership_Data_Manager
[16-Dec-2024 13:31:39 UTC] Required data manager class not found: Athlete_Dashboard_Membership_Data_Manager
[16-Dec-2024 13:31:40 UTC] Required data manager class not found: Athlete_Dashboard_Membership_Data_Manager
[16-Dec-2024 13:31:40 UTC] Required data manager class not found: Athlete_Dashboard_Membership_Data_Manager
[16-Dec-2024 13:35:32 UTC] Required data manager class not found: Athlete_Dashboard_Membership_Data_Manager
[16-Dec-2024 13:35:33 UTC] PHP Deprecated:  ltrim(): Passing null to parameter #1 ($string) of type string is deprecated in /Users/justinfassio/Local Sites/aiworkoutgenerator-local/app/public/wp-includes/formatting.php on line 4482
[16-Dec-2024 13:35:33 UTC] PHP Deprecated:  ltrim(): Passing null to parameter #1 ($string) of type string is deprecated in /Users/justinfassio/Local Sites/aiworkoutgenerator-local/app/public/wp-includes/formatting.php on line 4482
[16-Dec-2024 13:35:33 UTC] PHP Deprecated:  ltrim(): Passing null to parameter #1 ($string) of type string is deprecated in /Users/justinfassio/Local Sites/aiworkoutgenerator-local/app/public/wp-includes/formatting.php on line 4482
[16-Dec-2024 13:35:33 UTC] PHP Deprecated:  ltrim(): Passing null to parameter #1 ($string) of type string is deprecated in /Users/justinfassio/Local Sites/aiworkoutgenerator-local/app/public/wp-includes/formatting.php on line 4482
[16-Dec-2024 13:35:33 UTC] PHP Deprecated:  ltrim(): Passing null to parameter #1 ($string) of type string is deprecated in /Users/justinfassio/Local Sites/aiworkoutgenerator-local/app/public/wp-includes/formatting.php on line 4482
[16-Dec-2024 13:35:33 UTC] PHP Deprecated:  ltrim(): Passing null to parameter #1 ($string) of type string is deprecated in /Users/justinfassio/Local Sites/aiworkoutgenerator-local/app/public/wp-includes/formatting.php on line 4482
[16-Dec-2024 13:35:33 UTC] PHP Deprecated:  ltrim(): Passing null to parameter #1 ($string) of type string is deprecated in /Users/justinfassio/Local Sites/aiworkoutgenerator-local/app/public/wp-includes/formatting.php on line 4482
[16-Dec-2024 13:35:33 UTC] PHP Deprecated:  ltrim(): Passing null to parameter #1 ($string) of type string is deprecated in /Users/justinfassio/Local Sites/aiworkoutgenerator-local/app/public/wp-includes/formatting.php on line 4482
[16-Dec-2024 13:35:33 UTC] PHP Deprecated:  ltrim(): Passing null to parameter #1 ($string) of type string is deprecated in /Users/justinfassio/Local Sites/aiworkoutgenerator-local/app/public/wp-includes/formatting.php on line 4482
[16-Dec-2024 13:35:33 UTC] PHP Deprecated:  ltrim(): Passing null to parameter #1 ($string) of type string is deprecated in /Users/justinfassio/Local Sites/aiworkoutgenerator-local/app/public/wp-includes/formatting.php on line 4482
[16-Dec-2024 13:35:33 UTC] PHP Deprecated:  ltrim(): Passing null to parameter #1 ($string) of type string is deprecated in /Users/justinfassio/Local Sites/aiworkoutgenerator-local/app/public/wp-includes/formatting.php on line 4482
[16-Dec-2024 13:35:33 UTC] PHP Deprecated:  ltrim(): Passing null to parameter #1 ($string) of type string is deprecated in /Users/justinfassio/Local Sites/aiworkoutgenerator-local/app/public/wp-includes/formatting.php on line 4482
[16-Dec-2024 13:35:33 UTC] PHP Deprecated:  ltrim(): Passing null to parameter #1 ($string) of type string is deprecated in /Users/justinfassio/Local Sites/aiworkoutgenerator-local/app/public/wp-includes/formatting.php on line 4482
[16-Dec-2024 13:35:33 UTC] PHP Deprecated:  ltrim(): Passing null to parameter #1 ($string) of type string is deprecated in /Users/justinfassio/Local Sites/aiworkoutgenerator-local/app/public/wp-includes/formatting.php on line 4482
[16-Dec-2024 13:35:33 UTC] PHP Deprecated:  ltrim(): Passing null to parameter #1 ($string) of type string is deprecated in /Users/justinfassio/Local Sites/aiworkoutgenerator-local/app/public/wp-includes/formatting.php on line 4482
[16-Dec-2024 13:35:33 UTC] PHP Deprecated:  ltrim(): Passing null to parameter #1 ($string) of type string is deprecated in /Users/justinfassio/Local Sites/aiworkoutgenerator-local/app/public/wp-includes/formatting.php on line 4482
[16-Dec-2024 13:35:33 UTC] PHP Deprecated:  ltrim(): Passing null to parameter #1 ($string) of type string is deprecated in /Users/justinfassio/Local Sites/aiworkoutgenerator-local/app/public/wp-includes/formatting.php on line 4482
[16-Dec-2024 13:35:33 UTC] PHP Deprecated:  ltrim(): Passing null to parameter #1 ($string) of type string is deprecated in /Users/justinfassio/Local Sites/aiworkoutgenerator-local/app/public/wp-includes/formatting.php on line 4482
[16-Dec-2024 13:35:33 UTC] Required data manager class not found: Athlete_Dashboard_Membership_Data_Manager
[16-Dec-2024 13:35:33 UTC] Required data manager class not found: Athlete_Dashboard_Membership_Data_Manager
[16-Dec-2024 13:35:35 UTC] Required data manager class not found: Athlete_Dashboard_Membership_Data_Manager
[16-Dec-2024 13:35:35 UTC] Required data manager class not found: Athlete_Dashboard_Membership_Data_Manager
[16-Dec-2024 13:35:36 UTC] Required data manager class not found: Athlete_Dashboard_Membership_Data_Manager
[16-Dec-2024 13:35:36 UTC] Required data manager class not found: Athlete_Dashboard_Membership_Data_Manager
[16-Dec-2024 13:35:37 UTC] Required data manager class not found: Athlete_Dashboard_Membership_Data_Manager
[16-Dec-2024 13:35:37 UTC] Required data manager class not found: Athlete_Dashboard_Membership_Data_Manager
[16-Dec-2024 13:35:38 UTC] Required data manager class not found: Athlete_Dashboard_Membership_Data_Manager
[16-Dec-2024 13:35:38 UTC] Required data manager class not found: Athlete_Dashboard_Membership_Data_Manager
[16-Dec-2024 13:35:39 UTC] Required data manager class not found: Athlete_Dashboard_Membership_Data_Manager
[16-Dec-2024 13:35:39 UTC] Required data manager class not found: Athlete_Dashboard_Membership_Data_Manager
[16-Dec-2024 13:35:41 UTC] Required data manager class not found: Athlete_Dashboard_Membership_Data_Manager
[16-Dec-2024 13:35:43 UTC] PHP Deprecated:  ltrim(): Passing null to parameter #1 ($string) of type string is deprecated in /Users/justinfassio/Local Sites/aiworkoutgenerator-local/app/public/wp-includes/formatting.php on line 4482
[16-Dec-2024 13:35:43 UTC] PHP Deprecated:  ltrim(): Passing null to parameter #1 ($string) of type string is deprecated in /Users/justinfassio/Local Sites/aiworkoutgenerator-local/app/public/wp-includes/formatting.php on line 4482
[16-Dec-2024 13:35:43 UTC] PHP Deprecated:  ltrim(): Passing null to parameter #1 ($string) of type string is deprecated in /Users/justinfassio/Local Sites/aiworkoutgenerator-local/app/public/wp-includes/formatting.php on line 4482
[16-Dec-2024 13:35:43 UTC] PHP Deprecated:  ltrim(): Passing null to parameter #1 ($string) of type string is deprecated in /Users/justinfassio/Local Sites/aiworkoutgenerator-local/app/public/wp-includes/formatting.php on line 4482
[16-Dec-2024 13:35:43 UTC] PHP Deprecated:  ltrim(): Passing null to parameter #1 ($string) of type string is deprecated in /Users/justinfassio/Local Sites/aiworkoutgenerator-local/app/public/wp-includes/formatting.php on line 4482
[16-Dec-2024 13:35:43 UTC] PHP Deprecated:  ltrim(): Passing null to parameter #1 ($string) of type string is deprecated in /Users/justinfassio/Local Sites/aiworkoutgenerator-local/app/public/wp-includes/formatting.php on line 4482
[16-Dec-2024 13:35:43 UTC] PHP Deprecated:  ltrim(): Passing null to parameter #1 ($string) of type string is deprecated in /Users/justinfassio/Local Sites/aiworkoutgenerator-local/app/public/wp-includes/formatting.php on line 4482
[16-Dec-2024 13:35:43 UTC] PHP Deprecated:  ltrim(): Passing null to parameter #1 ($string) of type string is deprecated in /Users/justinfassio/Local Sites/aiworkoutgenerator-local/app/public/wp-includes/formatting.php on line 4482
[16-Dec-2024 13:35:43 UTC] PHP Deprecated:  ltrim(): Passing null to parameter #1 ($string) of type string is deprecated in /Users/justinfassio/Local Sites/aiworkoutgenerator-local/app/public/wp-includes/formatting.php on line 4482
[16-Dec-2024 13:35:43 UTC] PHP Deprecated:  ltrim(): Passing null to parameter #1 ($string) of type string is deprecated in /Users/justinfassio/Local Sites/aiworkoutgenerator-local/app/public/wp-includes/formatting.php on line 4482
[16-Dec-2024 13:35:43 UTC] PHP Deprecated:  ltrim(): Passing null to parameter #1 ($string) of type string is deprecated in /Users/justinfassio/Local Sites/aiworkoutgenerator-local/app/public/wp-includes/formatting.php on line 4482
[16-Dec-2024 13:35:43 UTC] PHP Deprecated:  ltrim(): Passing null to parameter #1 ($string) of type string is deprecated in /Users/justinfassio/Local Sites/aiworkoutgenerator-local/app/public/wp-includes/formatting.php on line 4482
[16-Dec-2024 13:35:43 UTC] PHP Deprecated:  ltrim(): Passing null to parameter #1 ($string) of type string is deprecated in /Users/justinfassio/Local Sites/aiworkoutgenerator-local/app/public/wp-includes/formatting.php on line 4482
[16-Dec-2024 13:35:43 UTC] PHP Deprecated:  ltrim(): Passing null to parameter #1 ($string) of type string is deprecated in /Users/justinfassio/Local Sites/aiworkoutgenerator-local/app/public/wp-includes/formatting.php on line 4482
[16-Dec-2024 13:35:43 UTC] PHP Deprecated:  ltrim(): Passing null to parameter #1 ($string) of type string is deprecated in /Users/justinfassio/Local Sites/aiworkoutgenerator-local/app/public/wp-includes/formatting.php on line 4482
[16-Dec-2024 13:35:43 UTC] PHP Deprecated:  ltrim(): Passing null to parameter #1 ($string) of type string is deprecated in /Users/justinfassio/Local Sites/aiworkoutgenerator-local/app/public/wp-includes/formatting.php on line 4482
[16-Dec-2024 13:35:43 UTC] PHP Deprecated:  ltrim(): Passing null to parameter #1 ($string) of type string is deprecated in /Users/justinfassio/Local Sites/aiworkoutgenerator-local/app/public/wp-includes/formatting.php on line 4482
[16-Dec-2024 13:35:43 UTC] PHP Deprecated:  ltrim(): Passing null to parameter #1 ($string) of type string is deprecated in /Users/justinfassio/Local Sites/aiworkoutgenerator-local/app/public/wp-includes/formatting.php on line 4482
[16-Dec-2024 13:35:43 UTC] Required data manager class not found: Athlete_Dashboard_Membership_Data_Manager
[16-Dec-2024 13:35:43 UTC] Required data manager class not found: Athlete_Dashboard_Membership_Data_Manager
[16-Dec-2024 13:35:44 UTC] Required data manager class not found: Athlete_Dashboard_Membership_Data_Manager
[16-Dec-2024 13:35:44 UTC] Required data manager class not found: Athlete_Dashboard_Membership_Data_Manager
[16-Dec-2024 13:35:45 UTC] Required data manager class not found: Athlete_Dashboard_Membership_Data_Manager
[16-Dec-2024 13:35:45 UTC] Required data manager class not found: Athlete_Dashboard_Membership_Data_Manager
[16-Dec-2024 13:35:46 UTC] Required data manager class not found: Athlete_Dashboard_Membership_Data_Manager
[16-Dec-2024 13:35:46 UTC] Required data manager class not found: Athlete_Dashboard_Membership_Data_Manager
[16-Dec-2024 13:35:47 UTC] Required data manager class not found: Athlete_Dashboard_Membership_Data_Manager
[16-Dec-2024 13:35:47 UTC] Required data manager class not found: Athlete_Dashboard_Membership_Data_Manager
[16-Dec-2024 13:35:49 UTC] Required data manager class not found: Athlete_Dashboard_Membership_Data_Manager
[16-Dec-2024 13:35:49 UTC] Required data manager class not found: Athlete_Dashboard_Membership_Data_Manager
[16-Dec-2024 13:36:05 UTC] Required data manager class not found: Athlete_Dashboard_Membership_Data_Manager
[16-Dec-2024 13:36:06 UTC] Required data manager class not found: Athlete_Dashboard_Membership_Data_Manager
[16-Dec-2024 13:36:08 UTC] PHP Deprecated:  ltrim(): Passing null to parameter #1 ($string) of type string is deprecated in /Users/justinfassio/Local Sites/aiworkoutgenerator-local/app/public/wp-includes/formatting.php on line 4482
[16-Dec-2024 13:36:08 UTC] PHP Deprecated:  ltrim(): Passing null to parameter #1 ($string) of type string is deprecated in /Users/justinfassio/Local Sites/aiworkoutgenerator-local/app/public/wp-includes/formatting.php on line 4482
[16-Dec-2024 13:36:08 UTC] PHP Deprecated:  ltrim(): Passing null to parameter #1 ($string) of type string is deprecated in /Users/justinfassio/Local Sites/aiworkoutgenerator-local/app/public/wp-includes/formatting.php on line 4482
[16-Dec-2024 13:36:08 UTC] PHP Deprecated:  ltrim(): Passing null to parameter #1 ($string) of type string is deprecated in /Users/justinfassio/Local Sites/aiworkoutgenerator-local/app/public/wp-includes/formatting.php on line 4482
[16-Dec-2024 13:36:08 UTC] PHP Deprecated:  ltrim(): Passing null to parameter #1 ($string) of type string is deprecated in /Users/justinfassio/Local Sites/aiworkoutgenerator-local/app/public/wp-includes/formatting.php on line 4482
[16-Dec-2024 13:36:08 UTC] PHP Deprecated:  ltrim(): Passing null to parameter #1 ($string) of type string is deprecated in /Users/justinfassio/Local Sites/aiworkoutgenerator-local/app/public/wp-includes/formatting.php on line 4482
[16-Dec-2024 13:36:08 UTC] PHP Deprecated:  ltrim(): Passing null to parameter #1 ($string) of type string is deprecated in /Users/justinfassio/Local Sites/aiworkoutgenerator-local/app/public/wp-includes/formatting.php on line 4482
[16-Dec-2024 13:36:08 UTC] PHP Deprecated:  ltrim(): Passing null to parameter #1 ($string) of type string is deprecated in /Users/justinfassio/Local Sites/aiworkoutgenerator-local/app/public/wp-includes/formatting.php on line 4482
[16-Dec-2024 13:36:08 UTC] PHP Deprecated:  ltrim(): Passing null to parameter #1 ($string) of type string is deprecated in /Users/justinfassio/Local Sites/aiworkoutgenerator-local/app/public/wp-includes/formatting.php on line 4482
[16-Dec-2024 13:36:08 UTC] PHP Deprecated:  ltrim(): Passing null to parameter #1 ($string) of type string is deprecated in /Users/justinfassio/Local Sites/aiworkoutgenerator-local/app/public/wp-includes/formatting.php on line 4482
[16-Dec-2024 13:36:08 UTC] PHP Deprecated:  ltrim(): Passing null to parameter #1 ($string) of type string is deprecated in /Users/justinfassio/Local Sites/aiworkoutgenerator-local/app/public/wp-includes/formatting.php on line 4482
[16-Dec-2024 13:36:08 UTC] PHP Deprecated:  ltrim(): Passing null to parameter #1 ($string) of type string is deprecated in /Users/justinfassio/Local Sites/aiworkoutgenerator-local/app/public/wp-includes/formatting.php on line 4482
[16-Dec-2024 13:36:08 UTC] PHP Deprecated:  ltrim(): Passing null to parameter #1 ($string) of type string is deprecated in /Users/justinfassio/Local Sites/aiworkoutgenerator-local/app/public/wp-includes/formatting.php on line 4482
[16-Dec-2024 13:36:08 UTC] PHP Deprecated:  ltrim(): Passing null to parameter #1 ($string) of type string is deprecated in /Users/justinfassio/Local Sites/aiworkoutgenerator-local/app/public/wp-includes/formatting.php on line 4482
[16-Dec-2024 13:36:08 UTC] PHP Deprecated:  ltrim(): Passing null to parameter #1 ($string) of type string is deprecated in /Users/justinfassio/Local Sites/aiworkoutgenerator-local/app/public/wp-includes/formatting.php on line 4482
[16-Dec-2024 13:36:08 UTC] PHP Deprecated:  ltrim(): Passing null to parameter #1 ($string) of type string is deprecated in /Users/justinfassio/Local Sites/aiworkoutgenerator-local/app/public/wp-includes/formatting.php on line 4482
[16-Dec-2024 13:36:08 UTC] PHP Deprecated:  ltrim(): Passing null to parameter #1 ($string) of type string is deprecated in /Users/justinfassio/Local Sites/aiworkoutgenerator-local/app/public/wp-includes/formatting.php on line 4482
[16-Dec-2024 13:36:08 UTC] PHP Deprecated:  ltrim(): Passing null to parameter #1 ($string) of type string is deprecated in /Users/justinfassio/Local Sites/aiworkoutgenerator-local/app/public/wp-includes/formatting.php on line 4482
[16-Dec-2024 13:36:08 UTC] Required data manager class not found: Athlete_Dashboard_Membership_Data_Manager
[16-Dec-2024 13:36:08 UTC] Required data manager class not found: Athlete_Dashboard_Membership_Data_Manager
[16-Dec-2024 13:36:09 UTC] Required data manager class not found: Athlete_Dashboard_Membership_Data_Manager
[16-Dec-2024 13:36:09 UTC] Required data manager class not found: Athlete_Dashboard_Membership_Data_Manager
[16-Dec-2024 13:36:10 UTC] Required data manager class not found: Athlete_Dashboard_Membership_Data_Manager
[16-Dec-2024 13:36:10 UTC] Required data manager class not found: Athlete_Dashboard_Membership_Data_Manager
[16-Dec-2024 13:36:11 UTC] Required data manager class not found: Athlete_Dashboard_Membership_Data_Manager
[16-Dec-2024 13:36:11 UTC] Required data manager class not found: Athlete_Dashboard_Membership_Data_Manager
[16-Dec-2024 13:36:13 UTC] Required data manager class not found: Athlete_Dashboard_Membership_Data_Manager
[16-Dec-2024 13:36:13 UTC] Required data manager class not found: Athlete_Dashboard_Membership_Data_Manager
[16-Dec-2024 13:36:14 UTC] Required data manager class not found: Athlete_Dashboard_Membership_Data_Manager
[16-Dec-2024 13:36:14 UTC] Required data manager class not found: Athlete_Dashboard_Membership_Data_Manager
[16-Dec-2024 13:36:38 UTC] Required data manager class not found: Athlete_Dashboard_Membership_Data_Manager
[16-Dec-2024 13:36:38 UTC] Required data manager class not found: Athlete_Dashboard_Membership_Data_Manager
[16-Dec-2024 13:37:08 UTC] Required data manager class not found: Athlete_Dashboard_Membership_Data_Manager
[16-Dec-2024 13:37:08 UTC] Required data manager class not found: Athlete_Dashboard_Membership_Data_Manager
[16-Dec-2024 13:37:38 UTC] Required data manager class not found: Athlete_Dashboard_Membership_Data_Manager
[16-Dec-2024 13:37:38 UTC] Required data manager class not found: Athlete_Dashboard_Membership_Data_Manager
[16-Dec-2024 13:38:08 UTC] Required data manager class not found: Athlete_Dashboard_Membership_Data_Manager
[16-Dec-2024 13:38:08 UTC] Required data manager class not found: Athlete_Dashboard_Membership_Data_Manager
[16-Dec-2024 13:38:38 UTC] Required data manager class not found: Athlete_Dashboard_Membership_Data_Manager
[16-Dec-2024 13:38:38 UTC] Required data manager class not found: Athlete_Dashboard_Membership_Data_Manager
[16-Dec-2024 13:39:08 UTC] Required data manager class not found: Athlete_Dashboard_Membership_Data_Manager
[16-Dec-2024 13:39:08 UTC] Required data manager class not found: Athlete_Dashboard_Membership_Data_Manager
[16-Dec-2024 13:39:26 UTC] Required data manager class not found: Athlete_Dashboard_Membership_Data_Manager
[16-Dec-2024 13:39:27 UTC] PHP Deprecated:  ltrim(): Passing null to parameter #1 ($string) of type string is deprecated in /Users/justinfassio/Local Sites/aiworkoutgenerator-local/app/public/wp-includes/formatting.php on line 4482
[16-Dec-2024 13:39:27 UTC] PHP Deprecated:  ltrim(): Passing null to parameter #1 ($string) of type string is deprecated in /Users/justinfassio/Local Sites/aiworkoutgenerator-local/app/public/wp-includes/formatting.php on line 4482
[16-Dec-2024 13:39:27 UTC] PHP Deprecated:  ltrim(): Passing null to parameter #1 ($string) of type string is deprecated in /Users/justinfassio/Local Sites/aiworkoutgenerator-local/app/public/wp-includes/formatting.php on line 4482
[16-Dec-2024 13:39:27 UTC] PHP Deprecated:  ltrim(): Passing null to parameter #1 ($string) of type string is deprecated in /Users/justinfassio/Local Sites/aiworkoutgenerator-local/app/public/wp-includes/formatting.php on line 4482
[16-Dec-2024 13:39:27 UTC] PHP Deprecated:  ltrim(): Passing null to parameter #1 ($string) of type string is deprecated in /Users/justinfassio/Local Sites/aiworkoutgenerator-local/app/public/wp-includes/formatting.php on line 4482
[16-Dec-2024 13:39:27 UTC] PHP Deprecated:  ltrim(): Passing null to parameter #1 ($string) of type string is deprecated in /Users/justinfassio/Local Sites/aiworkoutgenerator-local/app/public/wp-includes/formatting.php on line 4482
[16-Dec-2024 13:39:27 UTC] PHP Deprecated:  ltrim(): Passing null to parameter #1 ($string) of type string is deprecated in /Users/justinfassio/Local Sites/aiworkoutgenerator-local/app/public/wp-includes/formatting.php on line 4482
[16-Dec-2024 13:39:27 UTC] PHP Deprecated:  ltrim(): Passing null to parameter #1 ($string) of type string is deprecated in /Users/justinfassio/Local Sites/aiworkoutgenerator-local/app/public/wp-includes/formatting.php on line 4482
[16-Dec-2024 13:39:27 UTC] PHP Deprecated:  ltrim(): Passing null to parameter #1 ($string) of type string is deprecated in /Users/justinfassio/Local Sites/aiworkoutgenerator-local/app/public/wp-includes/formatting.php on line 4482
[16-Dec-2024 13:39:27 UTC] PHP Deprecated:  ltrim(): Passing null to parameter #1 ($string) of type string is deprecated in /Users/justinfassio/Local Sites/aiworkoutgenerator-local/app/public/wp-includes/formatting.php on line 4482
[16-Dec-2024 13:39:27 UTC] PHP Deprecated:  ltrim(): Passing null to parameter #1 ($string) of type string is deprecated in /Users/justinfassio/Local Sites/aiworkoutgenerator-local/app/public/wp-includes/formatting.php on line 4482
[16-Dec-2024 13:39:27 UTC] PHP Deprecated:  ltrim(): Passing null to parameter #1 ($string) of type string is deprecated in /Users/justinfassio/Local Sites/aiworkoutgenerator-local/app/public/wp-includes/formatting.php on line 4482
[16-Dec-2024 13:39:27 UTC] PHP Deprecated:  ltrim(): Passing null to parameter #1 ($string) of type string is deprecated in /Users/justinfassio/Local Sites/aiworkoutgenerator-local/app/public/wp-includes/formatting.php on line 4482
[16-Dec-2024 13:39:27 UTC] PHP Deprecated:  ltrim(): Passing null to parameter #1 ($string) of type string is deprecated in /Users/justinfassio/Local Sites/aiworkoutgenerator-local/app/public/wp-includes/formatting.php on line 4482
[16-Dec-2024 13:39:27 UTC] PHP Deprecated:  ltrim(): Passing null to parameter #1 ($string) of type string is deprecated in /Users/justinfassio/Local Sites/aiworkoutgenerator-local/app/public/wp-includes/formatting.php on line 4482
[16-Dec-2024 13:39:27 UTC] PHP Deprecated:  ltrim(): Passing null to parameter #1 ($string) of type string is deprecated in /Users/justinfassio/Local Sites/aiworkoutgenerator-local/app/public/wp-includes/formatting.php on line 4482
[16-Dec-2024 13:39:27 UTC] PHP Deprecated:  ltrim(): Passing null to parameter #1 ($string) of type string is deprecated in /Users/justinfassio/Local Sites/aiworkoutgenerator-local/app/public/wp-includes/formatting.php on line 4482
[16-Dec-2024 13:39:27 UTC] PHP Deprecated:  ltrim(): Passing null to parameter #1 ($string) of type string is deprecated in /Users/justinfassio/Local Sites/aiworkoutgenerator-local/app/public/wp-includes/formatting.php on line 4482
[16-Dec-2024 13:39:28 UTC] Required data manager class not found: Athlete_Dashboard_Membership_Data_Manager
[16-Dec-2024 13:39:28 UTC] Required data manager class not found: Athlete_Dashboard_Membership_Data_Manager
[16-Dec-2024 13:39:29 UTC] Required data manager class not found: Athlete_Dashboard_Membership_Data_Manager
[16-Dec-2024 13:39:29 UTC] Required data manager class not found: Athlete_Dashboard_Membership_Data_Manager
[16-Dec-2024 13:39:31 UTC] Required data manager class not found: Athlete_Dashboard_Membership_Data_Manager
[16-Dec-2024 13:39:31 UTC] Required data manager class not found: Athlete_Dashboard_Membership_Data_Manager
[16-Dec-2024 13:39:32 UTC] Required data manager class not found: Athlete_Dashboard_Membership_Data_Manager
[16-Dec-2024 13:39:32 UTC] Required data manager class not found: Athlete_Dashboard_Membership_Data_Manager
[16-Dec-2024 13:39:33 UTC] Required data manager class not found: Athlete_Dashboard_Membership_Data_Manager
[16-Dec-2024 13:39:33 UTC] Required data manager class not found: Athlete_Dashboard_Membership_Data_Manager
[16-Dec-2024 13:39:34 UTC] Required data manager class not found: Athlete_Dashboard_Membership_Data_Manager
[16-Dec-2024 13:39:34 UTC] Required data manager class not found: Athlete_Dashboard_Membership_Data_Manager
[16-Dec-2024 13:39:58 UTC] Required data manager class not found: Athlete_Dashboard_Membership_Data_Manager
[16-Dec-2024 13:39:58 UTC] Required data manager class not found: Athlete_Dashboard_Membership_Data_Manager
[16-Dec-2024 13:40:28 UTC] Required data manager class not found: Athlete_Dashboard_Membership_Data_Manager
[16-Dec-2024 13:40:28 UTC] Required data manager class not found: Athlete_Dashboard_Membership_Data_Manager
[16-Dec-2024 13:40:58 UTC] Required data manager class not found: Athlete_Dashboard_Membership_Data_Manager
[16-Dec-2024 13:40:58 UTC] Required data manager class not found: Athlete_Dashboard_Membership_Data_Manager
[16-Dec-2024 13:41:28 UTC] Required data manager class not found: Athlete_Dashboard_Membership_Data_Manager
[16-Dec-2024 13:41:28 UTC] Required data manager class not found: Athlete_Dashboard_Membership_Data_Manager
[16-Dec-2024 13:41:58 UTC] Required data manager class not found: Athlete_Dashboard_Membership_Data_Manager
[16-Dec-2024 13:41:58 UTC] Required data manager class not found: Athlete_Dashboard_Membership_Data_Manager
[16-Dec-2024 13:42:28 UTC] Required data manager class not found: Athlete_Dashboard_Membership_Data_Manager
[16-Dec-2024 13:42:28 UTC] Required data manager class not found: Athlete_Dashboard_Membership_Data_Manager
[16-Dec-2024 13:42:58 UTC] Required data manager class not found: Athlete_Dashboard_Membership_Data_Manager
[16-Dec-2024 13:42:58 UTC] Required data manager class not found: Athlete_Dashboard_Membership_Data_Manager
[16-Dec-2024 13:43:28 UTC] Required data manager class not found: Athlete_Dashboard_Membership_Data_Manager
[16-Dec-2024 13:43:28 UTC] Required data manager class not found: Athlete_Dashboard_Membership_Data_Manager
[16-Dec-2024 13:43:58 UTC] Required data manager class not found: Athlete_Dashboard_Membership_Data_Manager
[16-Dec-2024 13:43:58 UTC] Required data manager class not found: Athlete_Dashboard_Membership_Data_Manager
[16-Dec-2024 13:44:28 UTC] Required data manager class not found: Athlete_Dashboard_Membership_Data_Manager
[16-Dec-2024 13:44:28 UTC] Required data manager class not found: Athlete_Dashboard_Membership_Data_Manager
[16-Dec-2024 13:44:58 UTC] Required data manager class not found: Athlete_Dashboard_Membership_Data_Manager
[16-Dec-2024 13:44:58 UTC] Required data manager class not found: Athlete_Dashboard_Membership_Data_Manager
[16-Dec-2024 13:45:10 UTC] Required data manager class not found: Athlete_Dashboard_Membership_Data_Manager
[16-Dec-2024 13:45:11 UTC] PHP Fatal error:  Uncaught Error: Class "Athlete_Dashboard_Charts_Data_Manager" not found in /Users/justinfassio/Local Sites/aiworkoutgenerator-local/app/public/wp-content/themes/child_theme/includes/dashboard/class-charts-manager.php:25
Stack trace:
#0 /Users/justinfassio/Local Sites/aiworkoutgenerator-local/app/public/wp-content/themes/child_theme/templates/dashboard/sections/charts-section.php(13): Athlete_Dashboard_Charts_Manager->__construct()
#1 /Users/justinfassio/Local Sites/aiworkoutgenerator-local/app/public/wp-content/themes/child_theme/functions/shortcodes.php(515): include('/Users/justinfa...')
#2 /Users/justinfassio/Local Sites/aiworkoutgenerator-local/app/public/wp-content/themes/child_theme/functions/dashboard-rendering.php(90): athlete_dashboard_comprehensive_body_composition_content()
#3 /Users/justinfassio/Local Sites/aiworkoutgenerator-local/app/public/wp-content/themes/child_theme/functions/dashboard-rendering.php(145): athlete_dashboard_render_section('comprehensive-b...', 'Body Compositio...', 'athlete_dashboa...', 'full-width')
#4 /Users/justinfassio/Local Sites/aiworkoutgenerator-local/app/public/wp-content/themes/child_theme/athlete-dashboard.php(23): athlete_dashboard_render_all_sections()
#5 /Users/justinfassio/Local Sites/aiworkoutgenerator-local/app/public/wp-includes/template-loader.php(106): include('/Users/justinfa...')
#6 /Users/justinfassio/Local Sites/aiworkoutgenerator-local/app/public/wp-blog-header.php(19): require_once('/Users/justinfa...')
#7 /Users/justinfassio/Local Sites/aiworkoutgenerator-local/app/public/index.php(17): require('/Users/justinfa...')
#8 {main}
  thrown in /Users/justinfassio/Local Sites/aiworkoutgenerator-local/app/public/wp-content/themes/child_theme/includes/dashboard/class-charts-manager.php on line 25
[16-Dec-2024 13:47:02 UTC] Required data manager class not found: Athlete_Dashboard_Membership_Data_Manager
[16-Dec-2024 13:47:03 UTC] PHP Fatal error:  Uncaught Error: Call to undefined method Athlete_Dashboard_Workout_Progress_Manager::get_progress_history() in /Users/justinfassio/Local Sites/aiworkoutgenerator-local/app/public/wp-content/themes/child_theme/includes/data/class-charts-data-manager.php:57
Stack trace:
#0 /Users/justinfassio/Local Sites/aiworkoutgenerator-local/app/public/wp-content/themes/child_theme/includes/dashboard/class-charts-manager.php(51): Athlete_Dashboard_Charts_Data_Manager->get_workout_progress_data(15, '30days')
#1 /Users/justinfassio/Local Sites/aiworkoutgenerator-local/app/public/wp-content/themes/child_theme/templates/dashboard/sections/charts-section.php(47): Athlete_Dashboard_Charts_Manager->get_workout_statistics(15, '30days')
#2 /Users/justinfassio/Local Sites/aiworkoutgenerator-local/app/public/wp-content/themes/child_theme/functions/shortcodes.php(515): include('/Users/justinfa...')
#3 /Users/justinfassio/Local Sites/aiworkoutgenerator-local/app/public/wp-content/themes/child_theme/functions/dashboard-rendering.php(90): athlete_dashboard_comprehensive_body_composition_content()
#4 /Users/justinfassio/Local Sites/aiworkoutgenerator-local/app/public/wp-content/themes/child_theme/functions/dashboard-rendering.php(145): athlete_dashboard_render_section('comprehensive-b...', 'Body Compositio...', 'athlete_dashboa...', 'full-width')
#5 /Users/justinfassio/Local Sites/aiworkoutgenerator-local/app/public/wp-content/themes/child_theme/athlete-dashboard.php(23): athlete_dashboard_render_all_sections()
#6 /Users/justinfassio/Local Sites/aiworkoutgenerator-local/app/public/wp-includes/template-loader.php(106): include('/Users/justinfa...')
#7 /Users/justinfassio/Local Sites/aiworkoutgenerator-local/app/public/wp-blog-header.php(19): require_once('/Users/justinfa...')
#8 /Users/justinfassio/Local Sites/aiworkoutgenerator-local/app/public/index.php(17): require('/Users/justinfa...')
#9 {main}
  thrown in /Users/justinfassio/Local Sites/aiworkoutgenerator-local/app/public/wp-content/themes/child_theme/includes/data/class-charts-data-manager.php on line 57
[16-Dec-2024 13:48:41 UTC] Required data manager class not found: Athlete_Dashboard_Membership_Data_Manager
[16-Dec-2024 13:48:43 UTC] PHP Deprecated:  ltrim(): Passing null to parameter #1 ($string) of type string is deprecated in /Users/justinfassio/Local Sites/aiworkoutgenerator-local/app/public/wp-includes/formatting.php on line 4482
[16-Dec-2024 13:48:43 UTC] PHP Deprecated:  ltrim(): Passing null to parameter #1 ($string) of type string is deprecated in /Users/justinfassio/Local Sites/aiworkoutgenerator-local/app/public/wp-includes/formatting.php on line 4482
[16-Dec-2024 13:48:43 UTC] PHP Deprecated:  ltrim(): Passing null to parameter #1 ($string) of type string is deprecated in /Users/justinfassio/Local Sites/aiworkoutgenerator-local/app/public/wp-includes/formatting.php on line 4482
[16-Dec-2024 13:48:43 UTC] PHP Deprecated:  ltrim(): Passing null to parameter #1 ($string) of type string is deprecated in /Users/justinfassio/Local Sites/aiworkoutgenerator-local/app/public/wp-includes/formatting.php on line 4482
[16-Dec-2024 13:48:43 UTC] PHP Deprecated:  ltrim(): Passing null to parameter #1 ($string) of type string is deprecated in /Users/justinfassio/Local Sites/aiworkoutgenerator-local/app/public/wp-includes/formatting.php on line 4482
[16-Dec-2024 13:48:43 UTC] PHP Deprecated:  ltrim(): Passing null to parameter #1 ($string) of type string is deprecated in /Users/justinfassio/Local Sites/aiworkoutgenerator-local/app/public/wp-includes/formatting.php on line 4482
[16-Dec-2024 13:48:43 UTC] PHP Deprecated:  ltrim(): Passing null to parameter #1 ($string) of type string is deprecated in /Users/justinfassio/Local Sites/aiworkoutgenerator-local/app/public/wp-includes/formatting.php on line 4482
[16-Dec-2024 13:48:43 UTC] PHP Deprecated:  ltrim(): Passing null to parameter #1 ($string) of type string is deprecated in /Users/justinfassio/Local Sites/aiworkoutgenerator-local/app/public/wp-includes/formatting.php on line 4482
[16-Dec-2024 13:48:43 UTC] PHP Deprecated:  ltrim(): Passing null to parameter #1 ($string) of type string is deprecated in /Users/justinfassio/Local Sites/aiworkoutgenerator-local/app/public/wp-includes/formatting.php on line 4482
[16-Dec-2024 13:48:43 UTC] PHP Deprecated:  ltrim(): Passing null to parameter #1 ($string) of type string is deprecated in /Users/justinfassio/Local Sites/aiworkoutgenerator-local/app/public/wp-includes/formatting.php on line 4482
[16-Dec-2024 13:48:43 UTC] PHP Deprecated:  ltrim(): Passing null to parameter #1 ($string) of type string is deprecated in /Users/justinfassio/Local Sites/aiworkoutgenerator-local/app/public/wp-includes/formatting.php on line 4482
[16-Dec-2024 13:48:43 UTC] PHP Deprecated:  ltrim(): Passing null to parameter #1 ($string) of type string is deprecated in /Users/justinfassio/Local Sites/aiworkoutgenerator-local/app/public/wp-includes/formatting.php on line 4482
[16-Dec-2024 13:48:43 UTC] PHP Deprecated:  ltrim(): Passing null to parameter #1 ($string) of type string is deprecated in /Users/justinfassio/Local Sites/aiworkoutgenerator-local/app/public/wp-includes/formatting.php on line 4482
[16-Dec-2024 13:48:43 UTC] PHP Deprecated:  ltrim(): Passing null to parameter #1 ($string) of type string is deprecated in /Users/justinfassio/Local Sites/aiworkoutgenerator-local/app/public/wp-includes/formatting.php on line 4482
[16-Dec-2024 13:48:43 UTC] PHP Deprecated:  ltrim(): Passing null to parameter #1 ($string) of type string is deprecated in /Users/justinfassio/Local Sites/aiworkoutgenerator-local/app/public/wp-includes/formatting.php on line 4482
[16-Dec-2024 13:48:43 UTC] PHP Deprecated:  ltrim(): Passing null to parameter #1 ($string) of type string is deprecated in /Users/justinfassio/Local Sites/aiworkoutgenerator-local/app/public/wp-includes/formatting.php on line 4482
[16-Dec-2024 13:48:43 UTC] PHP Deprecated:  ltrim(): Passing null to parameter #1 ($string) of type string is deprecated in /Users/justinfassio/Local Sites/aiworkoutgenerator-local/app/public/wp-includes/formatting.php on line 4482
[16-Dec-2024 13:48:43 UTC] PHP Deprecated:  ltrim(): Passing null to parameter #1 ($string) of type string is deprecated in /Users/justinfassio/Local Sites/aiworkoutgenerator-local/app/public/wp-includes/formatting.php on line 4482
[16-Dec-2024 13:48:43 UTC] Required data manager class not found: Athlete_Dashboard_Membership_Data_Manager
[16-Dec-2024 13:48:43 UTC] Required data manager class not found: Athlete_Dashboard_Membership_Data_Manager
[16-Dec-2024 13:48:45 UTC] Required data manager class not found: Athlete_Dashboard_Membership_Data_Manager
[16-Dec-2024 13:48:45 UTC] Required data manager class not found: Athlete_Dashboard_Membership_Data_Manager
[16-Dec-2024 13:48:46 UTC] Required data manager class not found: Athlete_Dashboard_Membership_Data_Manager
[16-Dec-2024 13:48:46 UTC] Required data manager class not found: Athlete_Dashboard_Membership_Data_Manager
[16-Dec-2024 13:48:48 UTC] Required data manager class not found: Athlete_Dashboard_Membership_Data_Manager
[16-Dec-2024 13:48:48 UTC] Required data manager class not found: Athlete_Dashboard_Membership_Data_Manager
[16-Dec-2024 13:48:49 UTC] Required data manager class not found: Athlete_Dashboard_Membership_Data_Manager
[16-Dec-2024 13:48:49 UTC] Required data manager class not found: Athlete_Dashboard_Membership_Data_Manager
[16-Dec-2024 13:48:50 UTC] Required data manager class not found: Athlete_Dashboard_Membership_Data_Manager
[16-Dec-2024 13:48:50 UTC] Required data manager class not found: Athlete_Dashboard_Membership_Data_Manager
